<?xml version="1.0" encoding="UTF-8"?>
<!-- Generated by org.testng.reporters.JUnitReportReporter -->
<testsuite hostname="MW-NMS2" failures="0" tests="1" name="testScript.LoginTest" time="6.528" errors="0" timestamp="2024-11-14T09:54:40 IST" skipped="0">
  <testcase classname="testScript.LoginTest" name="verifyUserIsAbletoLoginValidCredentials" time="6.528"/>
</testsuite> <!-- testScript.LoginTest -->
