<?xml version="1.0" encoding="UTF-8"?>
<!-- Generated by org.testng.reporters.JUnitReportReporter -->
<testsuite hostname="MW-NMS2" failures="0" tests="1" name="testScript.HomePageTest" time="3.724" errors="0" timestamp="2024-11-18T10:05:55 IST" skipped="0">
  <testcase classname="testScript.HomePageTest" name="verifyUserIsAbletoLogout" time="3.724"/>
</testsuite> <!-- testScript.HomePageTest -->
