<?xml version="1.0" encoding="UTF-8"?>
<!-- Generated by org.testng.reporters.JUnitReportReporter -->
<testsuite hostname="MW-NMS2" failures="0" tests="1" name="testScript.LoginTest" time="34.876" errors="0" timestamp="2024-11-14T11:29:03 IST" skipped="0">
  <testcase classname="testScript.LoginTest" name="verifyUserIsAbletoLoginValidCredentials" time="34.876"/>
</testsuite> <!-- testScript.LoginTest -->
